<?xml version="1.0" encoding="UTF-8"?>
<!-- Generated by org.testng.reporters.JUnitReportReporter -->
<testsuite hostname="Katie" name="keywords.DriverScript" tests="1" failures="0" timestamp="20 May 2016 23:00:04 GMT" time="5.884" errors="0">
  <testcase name="anytest" time="5.884" classname="keywords.DriverScript"/>
</testsuite> <!-- keywords.DriverScript -->
